<?xml version="1.0" encoding="UTF-8"?>
<!-- Generated by org.testng.reporters.JUnitXMLReporter -->
<testsuite ignored="0" hostname="LTIN264204" failures="0" tests="3" name="ChromeTest" time="255.633" errors="0" timestamp="2024-02-13T12:18:17 IST">
  <testcase classname="TestCases.TC001_beCognizant" name="userVerification" time="65.994"/>
  <testcase classname="TestCases.TC001_beCognizant" name="oneCognizantFunctions" time="12.655"/>
  <testcase classname="TestCases.TC001_beCognizant" name="timeSheetNavigation" time="133.492"/>
</testsuite> <!-- ChromeTest -->
