<?xml version="1.0" encoding="UTF-8"?>
<!-- Generated by org.testng.reporters.JUnitXMLReporter -->
<testsuite ignored="0" hostname="LTIN264204" failures="0" tests="3" name="EdgeTest" time="268.0" errors="0" timestamp="2024-02-13T12:22:53 IST">
  <testcase classname="TestCases.TC001_beCognizant" name="userVerification" time="63.77"/>
  <testcase classname="TestCases.TC001_beCognizant" name="oneCognizantFunctions" time="12.737"/>
  <testcase classname="TestCases.TC001_beCognizant" name="timeSheetNavigation" time="137.923"/>
</testsuite> <!-- EdgeTest -->
