<?xml version="1.0" encoding="UTF-8"?>
<testng-results ignored="0" total="6" passed="6" failed="0" skipped="0">
  <reporter-output>
  </reporter-output>
  <suite started-at="2024-02-13T12:13:54 IST" name="Suite" finished-at="2024-02-13T12:22:45 IST" duration-ms="531649">
    <groups>
    </groups>
    <test started-at="2024-02-13T12:13:54 IST" name="ChromeTest" finished-at="2024-02-13T12:18:09 IST" duration-ms="255633">
      <class name="TestCases.TC001_beCognizant">
        <test-method is-config="true" signature="setUp(java.lang.String)[pri:0, instance:TestCases.TC001_beCognizant@78e4deb0]" started-at="2024-02-13T12:13:55 IST" name="setUp" finished-at="2024-02-13T12:14:36 IST" duration-ms="41406" status="PASS">
          <params>
            <param index="0">
              <value>
                <![CDATA[Chrome]]>
              </value>
            </param>
          </params>
          <reporter-output>
          </reporter-output>
        </test-method> <!-- setUp -->
        <test-method signature="userVerification()[pri:1, instance:TestCases.TC001_beCognizant@78e4deb0]" started-at="2024-02-13T12:14:36 IST" name="userVerification" finished-at="2024-02-13T12:15:42 IST" duration-ms="65994" status="PASS">
          <reporter-output>
          </reporter-output>
        </test-method> <!-- userVerification -->
        <test-method signature="oneCognizantFunctions(java.lang.String)[pri:2, instance:TestCases.TC001_beCognizant@78e4deb0]" started-at="2024-02-13T12:15:42 IST" name="oneCognizantFunctions" finished-at="2024-02-13T12:15:55 IST" duration-ms="12655" status="PASS">
          <params>
            <param index="0">
              <value>
                <![CDATA[Chrome]]>
              </value>
            </param>
          </params>
          <reporter-output>
          </reporter-output>
        </test-method> <!-- oneCognizantFunctions -->
        <test-method signature="timeSheetNavigation()[pri:3, instance:TestCases.TC001_beCognizant@78e4deb0]" started-at="2024-02-13T12:15:55 IST" name="timeSheetNavigation" finished-at="2024-02-13T12:18:08 IST" duration-ms="133492" status="PASS">
          <reporter-output>
          </reporter-output>
        </test-method> <!-- timeSheetNavigation -->
        <test-method is-config="true" signature="tearDown()[pri:0, instance:TestCases.TC001_beCognizant@78e4deb0]" started-at="2024-02-13T12:18:08 IST" name="tearDown" finished-at="2024-02-13T12:18:09 IST" duration-ms="1281" status="PASS">
          <reporter-output>
          </reporter-output>
        </test-method> <!-- tearDown -->
      </class> <!-- TestCases.TC001_beCognizant -->
    </test> <!-- ChromeTest -->
    <test started-at="2024-02-13T12:18:17 IST" name="EdgeTest" finished-at="2024-02-13T12:22:45 IST" duration-ms="268000">
      <class name="TestCases.TC001_beCognizant">
        <test-method is-config="true" signature="setUp(java.lang.String)[pri:0, instance:TestCases.TC001_beCognizant@606e4010]" started-at="2024-02-13T12:18:17 IST" name="setUp" finished-at="2024-02-13T12:19:10 IST" duration-ms="52258" status="PASS">
          <params>
            <param index="0">
              <value>
                <![CDATA[Edge]]>
              </value>
            </param>
          </params>
          <reporter-output>
          </reporter-output>
        </test-method> <!-- setUp -->
        <test-method signature="userVerification()[pri:1, instance:TestCases.TC001_beCognizant@606e4010]" started-at="2024-02-13T12:19:10 IST" name="userVerification" finished-at="2024-02-13T12:20:14 IST" duration-ms="63770" status="PASS">
          <reporter-output>
          </reporter-output>
        </test-method> <!-- userVerification -->
        <test-method signature="oneCognizantFunctions(java.lang.String)[pri:2, instance:TestCases.TC001_beCognizant@606e4010]" started-at="2024-02-13T12:20:14 IST" name="oneCognizantFunctions" finished-at="2024-02-13T12:20:26 IST" duration-ms="12737" status="PASS">
          <params>
            <param index="0">
              <value>
                <![CDATA[Edge]]>
              </value>
            </param>
          </params>
          <reporter-output>
          </reporter-output>
        </test-method> <!-- oneCognizantFunctions -->
        <test-method signature="timeSheetNavigation()[pri:3, instance:TestCases.TC001_beCognizant@606e4010]" started-at="2024-02-13T12:20:26 IST" name="timeSheetNavigation" finished-at="2024-02-13T12:22:44 IST" duration-ms="137923" status="PASS">
          <reporter-output>
          </reporter-output>
        </test-method> <!-- timeSheetNavigation -->
        <test-method is-config="true" signature="tearDown()[pri:0, instance:TestCases.TC001_beCognizant@606e4010]" started-at="2024-02-13T12:22:44 IST" name="tearDown" finished-at="2024-02-13T12:22:45 IST" duration-ms="1300" status="PASS">
          <reporter-output>
          </reporter-output>
        </test-method> <!-- tearDown -->
      </class> <!-- TestCases.TC001_beCognizant -->
    </test> <!-- EdgeTest -->
  </suite> <!-- Suite -->
</testng-results>
